Added Component: Designator=C4(RESISTOR_0603)
Added Component: Designator=C7(CAP_CERAMIC_0402)
Added Component: Designator=C10(CAP_CERAMIC_0603)
Added Component: Designator=C11(CAP_CERAMIC_0402)
Added Component: Designator=C12(CAP_CERAMIC_0402)
Added Component: Designator=C13(CAP_CERAMIC_0402)
Added Component: Designator=C15(CAP_CERAMIC_0402)
Added Component: Designator=C16(CAP_CERAMIC_0402)
Added Component: Designator=C21(CAP_CERAMIC_0402)
Added Component: Designator=C52(CAP_CERAMIC_0402)
Added Component: Designator=C53(CAP_CERAMIC_0402)
Added Component: Designator=C54(CAP_CERAMIC_0603)
Added Component: Designator=C55(CAP_CERAMIC_0402)
Added Component: Designator=C56(CAP_CERAMIC_0402)
Added Component: Designator=C57(CAP_CERAMIC_0402)
Added Component: Designator=C58(CAP_CERAMIC_0402)
Added Component: Designator=C59(CAP_CERAMIC_0402)
Added Component: Designator=C60(CAP_CERAMIC_0402)
Added Component: Designator=D3(CAP_CERAMIC_0402)
Added Component: Designator=J2(ZX62-B-5PA(11))
Added Component: Designator=J4(4-103240-0-04)
Added Component: Designator=L1(INDUCTOR_0402)
Added Component: Designator=L2(INDUCTOR_0402)
Added Component: Designator=R1(RESISTOR_0402)
Added Component: Designator=R2(RESISTOR_0402)
Added Component: Designator=R6(RESISTOR_0402)
Added Component: Designator=R10(RESISTOR_0402)
Added Component: Designator=R10(RESISTOR_0402)
Added Component: Designator=RT1(SOT23-5L)
Added Component: Designator=TP3(TEST_POINT_PAD)
Added Component: Designator=TP4(TEST_POINT_PAD)
Added Component: Designator=TP5(TEST_POINT_PAD)
Added Component: Designator=TP6(TEST_POINT_PAD)
Added Component: Designator=TP7(TEST_POINT_PAD)
Added Component: Designator=TP8(TEST_POINT_PAD)
Added Component: Designator=U1(LQFP48)
Added Component: Designator=U11(QFN-24)
Added Component: Designator=U12(LGA-12)
Added Component: Designator=Y1(CSTCE)
Added Pin To Net: NetName=3.3V Pin=C4-2
Added Pin To Net: NetName=3.3V Pin=C10-1
Added Pin To Net: NetName=3.3V Pin=C11-1
Added Pin To Net: NetName=3.3V Pin=C12-1
Added Pin To Net: NetName=3.3V Pin=C13-1
Added Pin To Net: NetName=3.3V Pin=C15-1
Added Pin To Net: NetName=3.3V Pin=C16-1
Added Pin To Net: NetName=3.3V Pin=C55-1
Added Pin To Net: NetName=3.3V Pin=C59-1
Added Pin To Net: NetName=3.3V Pin=J4-1
Added Pin To Net: NetName=3.3V Pin=L1-2
Added Pin To Net: NetName=3.3V Pin=L2-2
Added Pin To Net: NetName=3.3V Pin=RT1-5
Added Pin To Net: NetName=3.3V Pin=U1-1
Added Pin To Net: NetName=3.3V Pin=U1-9
Added Pin To Net: NetName=3.3V Pin=U1-24
Added Pin To Net: NetName=3.3V Pin=U1-36
Added Pin To Net: NetName=3.3V Pin=U1-48
Added Net: Name=3.3V
Added Pin To Net: NetName=AUX_CL Pin=U11-7
Added Pin To Net: NetName=AUX_CL Pin=U11-7
Added Net: Name=AUX_CL
Added Pin To Net: NetName=AUX_DA Pin=U11-21
Added Net: Name=AUX_DA
Added Pin To Net: NetName=BOOT0 Pin=R6-2
Added Pin To Net: NetName=BOOT0 Pin=TP6-1
Added Pin To Net: NetName=BOOT0 Pin=U1-44
Added Net: Name=BOOT0
Added Pin To Net: NetName=FSYNC Pin=U11-11
Added Net: Name=FSYNC
Added Pin To Net: NetName=GND Pin=C4-1
Added Pin To Net: NetName=GND Pin=C7-1
Added Pin To Net: NetName=GND Pin=C10-2
Added Pin To Net: NetName=GND Pin=C11-2
Added Pin To Net: NetName=GND Pin=C12-2
Added Pin To Net: NetName=GND Pin=C13-2
Added Pin To Net: NetName=GND Pin=C15-2
Added Pin To Net: NetName=GND Pin=C16-2
Added Pin To Net: NetName=GND Pin=C21-2
Added Pin To Net: NetName=GND Pin=C52-2
Added Pin To Net: NetName=GND Pin=C53-2
Added Pin To Net: NetName=GND Pin=C54-2
Added Pin To Net: NetName=GND Pin=C55-2
Added Pin To Net: NetName=GND Pin=C56-2
Added Pin To Net: NetName=GND Pin=C57-2
Added Pin To Net: NetName=GND Pin=C58-2
Added Pin To Net: NetName=GND Pin=C59-2
Added Pin To Net: NetName=GND Pin=C60-2
Added Pin To Net: NetName=GND Pin=D3-2
Added Pin To Net: NetName=GND Pin=J2-5
Added Pin To Net: NetName=GND Pin=J2-6
Added Pin To Net: NetName=GND Pin=J2-7
Added Pin To Net: NetName=GND Pin=J2-8
Added Pin To Net: NetName=GND Pin=J2-8
Added Pin To Net: NetName=GND Pin=J2-9
Added Pin To Net: NetName=GND Pin=J2-9
Added Pin To Net: NetName=GND Pin=J4-2
Added Pin To Net: NetName=GND Pin=R6-1
Added Pin To Net: NetName=GND Pin=RT1-2
Added Pin To Net: NetName=GND Pin=TP8-1
Added Pin To Net: NetName=GND Pin=U1-8
Added Pin To Net: NetName=GND Pin=U1-20
Added Pin To Net: NetName=GND Pin=U1-23
Added Pin To Net: NetName=GND Pin=U1-35
Added Pin To Net: NetName=GND Pin=U1-47
Added Pin To Net: NetName=GND Pin=U11-18
Added Pin To Net: NetName=GND Pin=U11-18
Added Pin To Net: NetName=GND Pin=U11-20
Added Pin To Net: NetName=GND Pin=U12-2
Added Pin To Net: NetName=GND Pin=U12-3
Added Pin To Net: NetName=GND Pin=U12-12
Added Pin To Net: NetName=GND Pin=Y1-2
Added Net: Name=GND
Added Pin To Net: NetName=GYRO_CS Pin=U11-22
Added Net: Name=GYRO_CS
Added Pin To Net: NetName=GYRO_IRQ Pin=U1-10
Added Net: Name=GYRO_IRQ
Added Pin To Net: NetName=ICLK Pin=J4-7
Added Pin To Net: NetName=ICLK Pin=U1-21
Added Net: Name=ICLK
Added Pin To Net: NetName=IDATA Pin=J4-8
Added Pin To Net: NetName=IDATA Pin=U1-22
Added Net: Name=IDATA
Added Pin To Net: NetName=IO0 Pin=J4-3
Added Pin To Net: NetName=IO0 Pin=U1-18
Added Net: Name=IO0
Added Pin To Net: NetName=IO1 Pin=J4-4
Added Pin To Net: NetName=IO1 Pin=U1-19
Added Net: Name=IO1
Added Pin To Net: NetName=IO3 Pin=J4-5
Added Pin To Net: NetName=IO3 Pin=U1-40
Added Net: Name=IO3
Added Pin To Net: NetName=IO4 Pin=J4-6
Added Pin To Net: NetName=IO4 Pin=U1-41
Added Net: Name=IO4
Added Pin To Net: NetName=MAG_CS Pin=U1-25
Added Net: Name=MAG_CS
Added Pin To Net: NetName=MAG_DRDY Pin=U12-8
Added Net: Name=MAG_DRDY
Added Pin To Net: NetName=MAG_IRQ Pin=U1-11
Added Pin To Net: NetName=MAG_IRQ Pin=U12-7
Added Net: Name=MAG_IRQ
Added Pin To Net: NetName=MAG_SOC Pin=U1-46
Added Net: Name=MAG_SOC
Added Pin To Net: NetName=MEMS_MISO Pin=U1-27
Added Net: Name=MEMS_MISO
Added Pin To Net: NetName=MEMS_MOSI Pin=U1-28
Added Net: Name=MEMS_MOSI
Added Pin To Net: NetName=MEMS_SCK Pin=U1-26
Added Net: Name=MEMS_SCK
Added Pin To Net: NetName=NC1 Pin=U11-1
Added Pin To Net: NetName=NC1 Pin=U11-1
Added Net: Name=NC1
Added Pin To Net: NetName=NC2 Pin=U11-2
Added Net: Name=NC2
Added Pin To Net: NetName=NC3 Pin=U11-3
Added Net: Name=NC3
Added Pin To Net: NetName=NC4 Pin=U11-4
Added Net: Name=NC4
Added Pin To Net: NetName=NC5 Pin=U11-5
Added Net: Name=NC5
Added Pin To Net: NetName=NC6 Pin=U11-6
Added Pin To Net: NetName=NC6 Pin=U11-6
Added Net: Name=NC6
Added Pin To Net: NetName=NC7 Pin=U11-14
Added Net: Name=NC7
Added Pin To Net: NetName=NC8 Pin=U11-15
Added Net: Name=NC8
Added Pin To Net: NetName=NC9 Pin=U11-16
Added Net: Name=NC9
Added Pin To Net: NetName=NC10 Pin=U11-17
Added Net: Name=NC10
Added Pin To Net: NetName=NetC7_2 Pin=C7-2
Added Pin To Net: NetName=NetC7_2 Pin=RT1-4
Added Net: Name=NetC7_2
Added Pin To Net: NetName=NetC52_1 Pin=C52-1
Added Pin To Net: NetName=NetC52_1 Pin=C53-1
Added Pin To Net: NetName=NetC52_1 Pin=C54-1
Added Pin To Net: NetName=NetC52_1 Pin=L1-1
Added Pin To Net: NetName=NetC52_1 Pin=U11-8
Added Pin To Net: NetName=NetC52_1 Pin=U11-13
Added Pin To Net: NetName=NetC52_1 Pin=U11-13
Added Net: Name=NetC52_1
Added Pin To Net: NetName=NetC56_1 Pin=C56-1
Added Pin To Net: NetName=NetC56_1 Pin=U11-10
Added Net: Name=NetC56_1
Added Pin To Net: NetName=NetC57_1 Pin=C57-1
Added Pin To Net: NetName=NetC57_1 Pin=C58-1
Added Pin To Net: NetName=NetC57_1 Pin=L2-1
Added Pin To Net: NetName=NetC57_1 Pin=U12-5
Added Pin To Net: NetName=NetC57_1 Pin=U12-6
Added Net: Name=NetC57_1
Added Pin To Net: NetName=NetC60_1 Pin=C60-1
Added Pin To Net: NetName=NetC60_1 Pin=U12-4
Added Net: Name=NetC60_1
Added Pin To Net: NetName=NetD3_1 Pin=D3-1
Added Pin To Net: NetName=NetD3_1 Pin=R10-1
Added Net: Name=NetD3_1
Added Pin To Net: NetName=NetJ2_2 Pin=J2-2
Added Pin To Net: NetName=NetJ2_2 Pin=R1-1
Added Net: Name=NetJ2_2
Added Pin To Net: NetName=NetJ2_3 Pin=J2-3
Added Pin To Net: NetName=NetJ2_3 Pin=R2-1
Added Pin To Net: NetName=NetJ2_3 Pin=R10-1
Added Net: Name=NetJ2_3
Added Pin To Net: NetName=NRST Pin=C21-1
Added Pin To Net: NetName=NRST Pin=TP5-1
Added Pin To Net: NetName=NRST Pin=U1-7
Added Net: Name=NRST
Added Pin To Net: NetName=OSC_IN Pin=U1-5
Added Pin To Net: NetName=OSC_IN Pin=Y1-3
Added Net: Name=OSC_IN
Added Pin To Net: NetName=OSC_OUT Pin=U1-6
Added Pin To Net: NetName=OSC_OUT Pin=Y1-1
Added Net: Name=OSC_OUT
Added Pin To Net: NetName=RESV Pin=U11-19
Added Pin To Net: NetName=RESV Pin=U11-19
Added Net: Name=RESV
Added Pin To Net: NetName=RUN_STATE Pin=R10-2
Added Pin To Net: NetName=RUN_STATE Pin=U1-43
Added Net: Name=RUN_STATE
Added Pin To Net: NetName=RX Pin=TP3-1
Added Pin To Net: NetName=RX Pin=U1-31
Added Net: Name=RX
Added Pin To Net: NetName=SWCLK Pin=U1-37
Added Net: Name=SWCLK
Added Pin To Net: NetName=SWDIO Pin=U1-34
Added Net: Name=SWDIO
Added Pin To Net: NetName=SWO Pin=U1-39
Added Net: Name=SWO
Added Pin To Net: NetName=TX Pin=TP4-1
Added Pin To Net: NetName=TX Pin=U1-30
Added Net: Name=TX
Added Pin To Net: NetName=UARTEN Pin=TP7-1
Added Pin To Net: NetName=UARTEN Pin=U1-29
Added Net: Name=UARTEN
Added Pin To Net: NetName=USBDM Pin=U1-32
Added Net: Name=USBDM
Added Pin To Net: NetName=USBDP_PU Pin=U1-12
Added Net: Name=USBDP_PU
Added Pin To Net: NetName=USBDP Pin=U1-33
Added Net: Name=USBDP
Added Pin To Net: NetName=VCC Pin=J2-1
Added Pin To Net: NetName=VCC Pin=RT1-1
Added Pin To Net: NetName=VCC Pin=RT1-3
Added Net: Name=VCC
Added Class: Name=MCU
Added Class: Name=Power
Added Class: Name=Sensor
Added Class: Name=USB
Added Room: Name=MCU
Added Room: Name=Power
Added Room: Name=Sensor
Added Room: Name=USB
